{"C:\\Users\\pedro\\Desktop\\nodejs-course\\mvc\\src\\repository\\pessoa.js": {"path":"C:\\Users\\pedro\\Desktop\\nodejs-course\\mvc\\src\\repository\\pessoa.js","statementMap":{"0":{"start":{"line":1,"column":11},"end":{"line":1,"column":37}},"1":{"start":{"line":5,"column":4},"end":{"line":5,"column":13}},"2":{"start":{"line":9,"column":4},"end":{"line":9,"column":20}},"3":{"start":{"line":13,"column":4},"end":{"line":13,"column":17}},"4":{"start":{"line":17,"column":4},"end":{"line":17,"column":20}},"5":{"start":{"line":21,"column":4},"end":{"line":21,"column":23}}},"fnMap":{"0":{"name":"(anonymous_0)","decl":{"start":{"line":4,"column":2},"end":{"line":4,"column":3}},"loc":{"start":{"line":4,"column":11},"end":{"line":6,"column":3}},"line":4},"1":{"name":"(anonymous_1)","decl":{"start":{"line":8,"column":2},"end":{"line":8,"column":3}},"loc":{"start":{"line":8,"column":16},"end":{"line":10,"column":3}},"line":8},"2":{"name":"(anonymous_2)","decl":{"start":{"line":12,"column":2},"end":{"line":12,"column":3}},"loc":{"start":{"line":12,"column":15},"end":{"line":14,"column":3}},"line":12},"3":{"name":"(anonymous_3)","decl":{"start":{"line":16,"column":2},"end":{"line":16,"column":3}},"loc":{"start":{"line":16,"column":25},"end":{"line":18,"column":3}},"line":16},"4":{"name":"(anonymous_4)","decl":{"start":{"line":20,"column":2},"end":{"line":20,"column":3}},"loc":{"start":{"line":20,"column":19},"end":{"line":22,"column":3}},"line":20}},"branchMap":{},"s":{"0":1,"1":2,"2":2,"3":1,"4":1,"5":1},"f":{"0":2,"1":2,"2":1,"3":1,"4":1},"b":{},"_coverageSchema":"1a1c01bbd47fc00a2c39e90264f33305004495a9","hash":"9ae674687b33d11ffdef9dea46dda880899bc04d"}
,"C:\\Users\\pedro\\Desktop\\nodejs-course\\mvc\\src\\services\\dog.js": {"path":"C:\\Users\\pedro\\Desktop\\nodejs-course\\mvc\\src\\services\\dog.js","statementMap":{"0":{"start":{"line":1,"column":13},"end":{"line":1,"column":31}},"1":{"start":{"line":5,"column":4},"end":{"line":5,"column":15}},"2":{"start":{"line":9,"column":4},"end":{"line":9,"column":22}},"3":{"start":{"line":13,"column":4},"end":{"line":13,"column":19}},"4":{"start":{"line":17,"column":4},"end":{"line":17,"column":22}},"5":{"start":{"line":21,"column":4},"end":{"line":21,"column":25}}},"fnMap":{"0":{"name":"(anonymous_0)","decl":{"start":{"line":4,"column":2},"end":{"line":4,"column":3}},"loc":{"start":{"line":4,"column":11},"end":{"line":6,"column":3}},"line":4},"1":{"name":"(anonymous_1)","decl":{"start":{"line":8,"column":2},"end":{"line":8,"column":3}},"loc":{"start":{"line":8,"column":16},"end":{"line":10,"column":3}},"line":8},"2":{"name":"(anonymous_2)","decl":{"start":{"line":12,"column":2},"end":{"line":12,"column":3}},"loc":{"start":{"line":12,"column":18},"end":{"line":14,"column":3}},"line":12},"3":{"name":"(anonymous_3)","decl":{"start":{"line":16,"column":2},"end":{"line":16,"column":3}},"loc":{"start":{"line":16,"column":25},"end":{"line":18,"column":3}},"line":16},"4":{"name":"(anonymous_4)","decl":{"start":{"line":20,"column":2},"end":{"line":20,"column":3}},"loc":{"start":{"line":20,"column":19},"end":{"line":22,"column":3}},"line":20}},"branchMap":{},"s":{"0":1,"1":1,"2":4,"3":1,"4":1,"5":1},"f":{"0":1,"1":4,"2":1,"3":1,"4":1},"b":{},"_coverageSchema":"1a1c01bbd47fc00a2c39e90264f33305004495a9","hash":"7684eb66ab857b6ba31ca29310c06655d74fe983"}
,"C:\\Users\\pedro\\Desktop\\nodejs-course\\mvc\\src\\services\\people.js": {"path":"C:\\Users\\pedro\\Desktop\\nodejs-course\\mvc\\src\\services\\people.js","statementMap":{"0":{"start":{"line":3,"column":13},"end":{"line":3,"column":35}},"1":{"start":{"line":7,"column":4},"end":{"line":7,"column":24}},"2":{"start":{"line":11,"column":4},"end":{"line":11,"column":29}},"3":{"start":{"line":15,"column":4},"end":{"line":15,"column":28}},"4":{"start":{"line":19,"column":4},"end":{"line":19,"column":38}},"5":{"start":{"line":23,"column":4},"end":{"line":23,"column":32}}},"fnMap":{"0":{"name":"(anonymous_0)","decl":{"start":{"line":6,"column":2},"end":{"line":6,"column":3}},"loc":{"start":{"line":6,"column":11},"end":{"line":8,"column":3}},"line":6},"1":{"name":"(anonymous_1)","decl":{"start":{"line":10,"column":2},"end":{"line":10,"column":3}},"loc":{"start":{"line":10,"column":16},"end":{"line":12,"column":3}},"line":10},"2":{"name":"(anonymous_2)","decl":{"start":{"line":14,"column":2},"end":{"line":14,"column":3}},"loc":{"start":{"line":14,"column":15},"end":{"line":16,"column":3}},"line":14},"3":{"name":"(anonymous_3)","decl":{"start":{"line":18,"column":2},"end":{"line":18,"column":3}},"loc":{"start":{"line":18,"column":25},"end":{"line":20,"column":3}},"line":18},"4":{"name":"(anonymous_4)","decl":{"start":{"line":22,"column":2},"end":{"line":22,"column":3}},"loc":{"start":{"line":22,"column":19},"end":{"line":24,"column":3}},"line":22}},"branchMap":{},"s":{"0":1,"1":2,"2":2,"3":1,"4":1,"5":1},"f":{"0":2,"1":2,"2":1,"3":1,"4":1},"b":{},"_coverageSchema":"1a1c01bbd47fc00a2c39e90264f33305004495a9","hash":"35bfc45f8d5a0da3fa25c74a9d874d7985e80d5e"}
}
