<?xml version="1.0" encoding="UTF-8"?>
<coverage generated="1738673700601" clover="3.2.0">
  <project timestamp="1738673700602" name="All files">
    <metrics statements="15" coveredstatements="14" conditionals="6" coveredconditionals="3" methods="9" coveredmethods="8" elements="30" coveredelements="25" complexity="0" loc="15" ncloc="15" packages="3" files="4" classes="4"/>
    <package name="src">
      <metrics statements="2" coveredstatements="2" conditionals="0" coveredconditionals="0" methods="2" coveredmethods="2"/>
      <file name="database.js" path="C:\Users\pedro\Desktop\nodejs-course\petshop\src\database.js">
        <metrics statements="2" coveredstatements="2" conditionals="0" coveredconditionals="0" methods="2" coveredmethods="2"/>
        <line num="5" count="1" type="stmt"/>
        <line num="9" count="1" type="stmt"/>
      </file>
    </package>
    <package name="src.models">
      <metrics statements="4" coveredstatements="4" conditionals="0" coveredconditionals="0" methods="2" coveredmethods="2"/>
      <file name="dog.js" path="C:\Users\pedro\Desktop\nodejs-course\petshop\src\models\dog.js">
        <metrics statements="1" coveredstatements="1" conditionals="0" coveredconditionals="0" methods="1" coveredmethods="1"/>
        <line num="6" count="1" type="stmt"/>
      </file>
      <file name="user.js" path="C:\Users\pedro\Desktop\nodejs-course\petshop\src\models\user.js">
        <metrics statements="3" coveredstatements="3" conditionals="0" coveredconditionals="0" methods="1" coveredmethods="1"/>
        <line num="7" count="1" type="stmt"/>
        <line num="20" count="1" type="stmt"/>
        <line num="21" count="1" type="stmt"/>
      </file>
    </package>
    <package name="src.services">
      <metrics statements="9" coveredstatements="8" conditionals="6" coveredconditionals="3" methods="5" coveredmethods="4"/>
      <file name="user.js" path="C:\Users\pedro\Desktop\nodejs-course\petshop\src\services\user.js">
        <metrics statements="9" coveredstatements="8" conditionals="6" coveredconditionals="3" methods="5" coveredmethods="4"/>
        <line num="6" count="0" type="stmt"/>
        <line num="10" count="5" type="stmt"/>
        <line num="14" count="1" type="stmt"/>
        <line num="20" count="1" type="stmt"/>
        <line num="24" count="1" type="stmt"/>
        <line num="26" count="1" type="stmt"/>
        <line num="32" count="1" type="stmt"/>
        <line num="36" count="1" type="stmt"/>
        <line num="37" count="1" type="stmt"/>
      </file>
    </package>
  </project>
</coverage>
